<?xml version="1.0" encoding="UTF-8"?>
<testng-results ignored="0" total="1" passed="1" failed="0" skipped="0">
  <reporter-output>
  </reporter-output>
  <suite started-at="2025-01-21T14:48:00 EET" name="Default Suite" finished-at="2025-01-21T14:48:06 EET" duration-ms="6131">
    <groups>
    </groups>
    <test started-at="2025-01-21T14:48:00 EET" name="Selenium_FullProject" finished-at="2025-01-21T14:48:06 EET" duration-ms="6131">
      <class name="findingelements.FindElementByID">
        <test-method is-config="true" signature="driverExe()[pri:0, instance:findingelements.FindElementByID@38c5cc4c]" started-at="2025-01-21T14:48:00 EET" name="driverExe" finished-at="2025-01-21T14:48:05 EET" duration-ms="5956" status="PASS">
          <reporter-output>
          </reporter-output>
        </test-method> <!-- driverExe -->
        <test-method signature="findElemenyByID()[pri:0, instance:findingelements.FindElementByID@38c5cc4c]" started-at="2025-01-21T14:48:05 EET" name="findElemenyByID" finished-at="2025-01-21T14:48:06 EET" duration-ms="30" status="PASS">
          <reporter-output>
          </reporter-output>
        </test-method> <!-- findElemenyByID -->
        <test-method is-config="true" signature="closeDriver()[pri:0, instance:findingelements.FindElementByID@38c5cc4c]" started-at="2025-01-21T14:48:06 EET" name="closeDriver" finished-at="2025-01-21T14:48:06 EET" duration-ms="126" status="PASS">
          <reporter-output>
          </reporter-output>
        </test-method> <!-- closeDriver -->
      </class> <!-- findingelements.FindElementByID -->
    </test> <!-- Selenium_FullProject -->
  </suite> <!-- Default Suite -->
</testng-results>
