<?xml version="1.0" encoding="UTF-8"?>
<!-- Generated by org.testng.reporters.JUnitXMLReporter -->
<testsuite ignored="0" hostname="DESKTOP-7CT5CNG" failures="0" tests="11" name="Selenium_FullProject" time="78.261" errors="0" timestamp="2025-01-28T23:47:35 EET">
  <testcase classname="findingelements.FindByElements" name="testFindElements" time="0.033"/>
  <testcase classname="findingelements.FindElementByID" name="findElemenyByID" time="0.031"/>
  <testcase classname="findingelements.FindByCSSSelector" name="testFindByCSSSelector" time="0.063"/>
  <testcase classname="findingelements.FindElementByName" name="findElemenyByName" time="0.016"/>
  <testcase classname="findingelements.FindElementByXPath" name="xPath" time="0.05"/>
  <testcase classname="findingelements.FindLinksByLinkText" name="textLinkPartialText" time="0.022"/>
  <testcase classname="findingelements.FindLinksByLinkText" name="textLinkText" time="0.017"/>
  <testcase classname="findingelements.TestBrowserCommands" name="testBrowserCommands" time="0.687"/>
  <testcase classname="findingelements.FindElementByTagName" name="testFindByTageName" time="0.504"/>
  <testcase classname="findingelements.FindElementsByClassName" name="findElementsByClassName" time="0.024"/>
  <testcase classname="findingelements.FindElementInTableByTagName" name="testFindByTageName" time="0.033"/>
</testsuite> <!-- Selenium_FullProject -->
