<?xml version="1.0" encoding="UTF-8"?>
<testng-results ignored="0" total="11" passed="11" failed="0" skipped="0">
  <reporter-output>
  </reporter-output>
  <suite started-at="2025-01-28T23:46:17 EET" name="Default Suite" finished-at="2025-01-28T23:47:35 EET" duration-ms="78261">
    <groups>
    </groups>
    <test started-at="2025-01-28T23:46:17 EET" name="Selenium_FullProject" finished-at="2025-01-28T23:47:35 EET" duration-ms="78261">
      <class name="findingelements.TestBrowserCommands">
        <test-method is-config="true" signature="driverExe()[pri:0, instance:findingelements.TestBrowserCommands@77167fb7]" started-at="2025-01-28T23:47:24 EET" name="driverExe" finished-at="2025-01-28T23:47:31 EET" duration-ms="6701" status="PASS">
          <reporter-output>
          </reporter-output>
        </test-method> <!-- driverExe -->
        <test-method signature="testBrowserCommands()[pri:0, instance:findingelements.TestBrowserCommands@77167fb7]" started-at="2025-01-28T23:47:31 EET" name="testBrowserCommands" finished-at="2025-01-28T23:47:32 EET" duration-ms="687" status="PASS">
          <reporter-output>
          </reporter-output>
        </test-method> <!-- testBrowserCommands -->
        <test-method is-config="true" signature="closeDriver()[pri:0, instance:findingelements.TestBrowserCommands@77167fb7]" started-at="2025-01-28T23:47:35 EET" name="closeDriver" finished-at="2025-01-28T23:47:35 EET" duration-ms="142" status="PASS">
          <reporter-output>
          </reporter-output>
        </test-method> <!-- closeDriver -->
      </class> <!-- findingelements.TestBrowserCommands -->
      <class name="findingelements.FindLinksByLinkText">
        <test-method is-config="true" signature="driverExe()[pri:0, instance:findingelements.FindLinksByLinkText@15b204a1]" started-at="2025-01-28T23:47:06 EET" name="driverExe" finished-at="2025-01-28T23:47:24 EET" duration-ms="18283" status="PASS">
          <reporter-output>
          </reporter-output>
        </test-method> <!-- driverExe -->
        <test-method signature="textLinkPartialText()[pri:0, instance:findingelements.FindLinksByLinkText@15b204a1]" started-at="2025-01-28T23:47:31 EET" name="textLinkPartialText" finished-at="2025-01-28T23:47:31 EET" duration-ms="22" status="PASS">
          <reporter-output>
          </reporter-output>
        </test-method> <!-- textLinkPartialText -->
        <test-method signature="textLinkText()[pri:1, instance:findingelements.FindLinksByLinkText@15b204a1]" started-at="2025-01-28T23:47:31 EET" name="textLinkText" finished-at="2025-01-28T23:47:31 EET" duration-ms="17" status="PASS">
          <reporter-output>
          </reporter-output>
        </test-method> <!-- textLinkText -->
        <test-method is-config="true" signature="closeDriver()[pri:0, instance:findingelements.FindLinksByLinkText@15b204a1]" started-at="2025-01-28T23:47:35 EET" name="closeDriver" finished-at="2025-01-28T23:47:35 EET" duration-ms="137" status="PASS">
          <reporter-output>
          </reporter-output>
        </test-method> <!-- closeDriver -->
      </class> <!-- findingelements.FindLinksByLinkText -->
      <class name="findingelements.FindByCSSSelector">
        <test-method is-config="true" signature="driverExe()[pri:0, instance:findingelements.FindByCSSSelector@147ed70f]" started-at="2025-01-28T23:46:17 EET" name="driverExe" finished-at="2025-01-28T23:46:22 EET" duration-ms="4989" status="PASS">
          <reporter-output>
          </reporter-output>
        </test-method> <!-- driverExe -->
        <test-method signature="testFindByCSSSelector()[pri:0, instance:findingelements.FindByCSSSelector@147ed70f]" started-at="2025-01-28T23:47:31 EET" name="testFindByCSSSelector" finished-at="2025-01-28T23:47:31 EET" duration-ms="63" status="PASS">
          <reporter-output>
          </reporter-output>
        </test-method> <!-- testFindByCSSSelector -->
        <test-method is-config="true" signature="closeDriver()[pri:0, instance:findingelements.FindByCSSSelector@147ed70f]" started-at="2025-01-28T23:47:33 EET" name="closeDriver" finished-at="2025-01-28T23:47:33 EET" duration-ms="148" status="PASS">
          <reporter-output>
          </reporter-output>
        </test-method> <!-- closeDriver -->
      </class> <!-- findingelements.FindByCSSSelector -->
      <class name="findingelements.FindByElements">
        <test-method is-config="true" signature="driverExe()[pri:0, instance:findingelements.FindByElements@45018215]" started-at="2025-01-28T23:46:22 EET" name="driverExe" finished-at="2025-01-28T23:46:26 EET" duration-ms="3515" status="PASS">
          <reporter-output>
          </reporter-output>
        </test-method> <!-- driverExe -->
        <test-method signature="testFindElements()[pri:0, instance:findingelements.FindByElements@45018215]" started-at="2025-01-28T23:47:31 EET" name="testFindElements" finished-at="2025-01-28T23:47:31 EET" duration-ms="33" status="PASS">
          <reporter-output>
          </reporter-output>
        </test-method> <!-- testFindElements -->
        <test-method is-config="true" signature="closeDriver()[pri:0, instance:findingelements.FindByElements@45018215]" started-at="2025-01-28T23:47:33 EET" name="closeDriver" finished-at="2025-01-28T23:47:33 EET" duration-ms="121" status="PASS">
          <reporter-output>
          </reporter-output>
        </test-method> <!-- closeDriver -->
      </class> <!-- findingelements.FindByElements -->
      <class name="findingelements.FindElementByID">
        <test-method is-config="true" signature="driverExe()[pri:0, instance:findingelements.FindElementByID@4278a03f]" started-at="2025-01-28T23:46:26 EET" name="driverExe" finished-at="2025-01-28T23:46:29 EET" duration-ms="3128" status="PASS">
          <reporter-output>
          </reporter-output>
        </test-method> <!-- driverExe -->
        <test-method signature="findElemenyByID()[pri:0, instance:findingelements.FindElementByID@4278a03f]" started-at="2025-01-28T23:47:31 EET" name="findElemenyByID" finished-at="2025-01-28T23:47:31 EET" duration-ms="31" status="PASS">
          <reporter-output>
          </reporter-output>
        </test-method> <!-- findElemenyByID -->
        <test-method is-config="true" signature="closeDriver()[pri:0, instance:findingelements.FindElementByID@4278a03f]" started-at="2025-01-28T23:47:33 EET" name="closeDriver" finished-at="2025-01-28T23:47:34 EET" duration-ms="1666" status="PASS">
          <reporter-output>
          </reporter-output>
        </test-method> <!-- closeDriver -->
      </class> <!-- findingelements.FindElementByID -->
      <class name="findingelements.FindElementByName">
        <test-method is-config="true" signature="driverExe()[pri:0, instance:findingelements.FindElementByName@61dd025]" started-at="2025-01-28T23:46:29 EET" name="driverExe" finished-at="2025-01-28T23:46:34 EET" duration-ms="4736" status="PASS">
          <reporter-output>
          </reporter-output>
        </test-method> <!-- driverExe -->
        <test-method signature="findElemenyByName()[pri:0, instance:findingelements.FindElementByName@61dd025]" started-at="2025-01-28T23:47:31 EET" name="findElemenyByName" finished-at="2025-01-28T23:47:31 EET" duration-ms="16" status="PASS">
          <reporter-output>
          </reporter-output>
        </test-method> <!-- findElemenyByName -->
        <test-method is-config="true" signature="closeDriver()[pri:0, instance:findingelements.FindElementByName@61dd025]" started-at="2025-01-28T23:47:34 EET" name="closeDriver" finished-at="2025-01-28T23:47:35 EET" duration-ms="148" status="PASS">
          <reporter-output>
          </reporter-output>
        </test-method> <!-- closeDriver -->
      </class> <!-- findingelements.FindElementByName -->
      <class name="findingelements.FindElementByXPath">
        <test-method is-config="true" signature="driverExe()[pri:0, instance:findingelements.FindElementByXPath@124c278f]" started-at="2025-01-28T23:46:39 EET" name="driverExe" finished-at="2025-01-28T23:46:47 EET" duration-ms="8294" status="PASS">
          <reporter-output>
          </reporter-output>
        </test-method> <!-- driverExe -->
        <test-method signature="xPath()[pri:0, instance:findingelements.FindElementByXPath@124c278f]" started-at="2025-01-28T23:47:31 EET" name="xPath" finished-at="2025-01-28T23:47:31 EET" duration-ms="50" status="PASS">
          <reporter-output>
          </reporter-output>
        </test-method> <!-- xPath -->
        <test-method is-config="true" signature="closeDriver()[pri:0, instance:findingelements.FindElementByXPath@124c278f]" started-at="2025-01-28T23:47:35 EET" name="closeDriver" finished-at="2025-01-28T23:47:35 EET" duration-ms="139" status="PASS">
          <reporter-output>
          </reporter-output>
        </test-method> <!-- closeDriver -->
      </class> <!-- findingelements.FindElementByXPath -->
      <class name="findingelements.FindElementsByClassName">
        <test-method is-config="true" signature="driverExe()[pri:0, instance:findingelements.FindElementsByClassName@6ce139a4]" started-at="2025-01-28T23:46:59 EET" name="driverExe" finished-at="2025-01-28T23:47:06 EET" duration-ms="7008" status="PASS">
          <reporter-output>
          </reporter-output>
        </test-method> <!-- driverExe -->
        <test-method signature="findElementsByClassName()[pri:3, instance:findingelements.FindElementsByClassName@6ce139a4]" started-at="2025-01-28T23:47:32 EET" name="findElementsByClassName" finished-at="2025-01-28T23:47:33 EET" duration-ms="24" status="PASS">
          <reporter-output>
          </reporter-output>
        </test-method> <!-- findElementsByClassName -->
        <test-method is-config="true" signature="closeDriver()[pri:0, instance:findingelements.FindElementsByClassName@6ce139a4]" started-at="2025-01-28T23:47:35 EET" name="closeDriver" finished-at="2025-01-28T23:47:35 EET" duration-ms="139" status="PASS">
          <reporter-output>
          </reporter-output>
        </test-method> <!-- closeDriver -->
      </class> <!-- findingelements.FindElementsByClassName -->
      <class name="findingelements.FindElementInTableByTagName">
        <test-method is-config="true" signature="driverExe()[pri:0, instance:findingelements.FindElementInTableByTagName@6973bf95]" started-at="2025-01-28T23:46:47 EET" name="driverExe" finished-at="2025-01-28T23:46:59 EET" duration-ms="12217" status="PASS">
          <reporter-output>
          </reporter-output>
        </test-method> <!-- driverExe -->
        <test-method signature="testFindByTageName()[pri:0, instance:findingelements.FindElementInTableByTagName@6973bf95]" started-at="2025-01-28T23:47:33 EET" name="testFindByTageName" finished-at="2025-01-28T23:47:33 EET" duration-ms="33" status="PASS">
          <reporter-output>
          </reporter-output>
        </test-method> <!-- testFindByTageName -->
        <test-method is-config="true" signature="closeDriver()[pri:0, instance:findingelements.FindElementInTableByTagName@6973bf95]" started-at="2025-01-28T23:47:35 EET" name="closeDriver" finished-at="2025-01-28T23:47:35 EET" duration-ms="140" status="PASS">
          <reporter-output>
          </reporter-output>
        </test-method> <!-- closeDriver -->
      </class> <!-- findingelements.FindElementInTableByTagName -->
      <class name="findingelements.FindElementByTagName">
        <test-method is-config="true" signature="driverExe()[pri:0, instance:findingelements.FindElementByTagName@1fe20588]" started-at="2025-01-28T23:46:34 EET" name="driverExe" finished-at="2025-01-28T23:46:39 EET" duration-ms="4960" status="PASS">
          <reporter-output>
          </reporter-output>
        </test-method> <!-- driverExe -->
        <test-method signature="testFindByTageName()[pri:0, instance:findingelements.FindElementByTagName@1fe20588]" started-at="2025-01-28T23:47:32 EET" name="testFindByTageName" finished-at="2025-01-28T23:47:32 EET" duration-ms="504" status="PASS">
          <reporter-output>
          </reporter-output>
        </test-method> <!-- testFindByTageName -->
        <test-method is-config="true" signature="closeDriver()[pri:0, instance:findingelements.FindElementByTagName@1fe20588]" started-at="2025-01-28T23:47:35 EET" name="closeDriver" finished-at="2025-01-28T23:47:35 EET" duration-ms="136" status="PASS">
          <reporter-output>
          </reporter-output>
        </test-method> <!-- closeDriver -->
      </class> <!-- findingelements.FindElementByTagName -->
    </test> <!-- Selenium_FullProject -->
  </suite> <!-- Default Suite -->
</testng-results>
